============================= test session starts =============================
platform win32 -- Python 3.11.9, pytest-9.1.1, pluggy-1.6.0
rootdir: D:\a\linapse-cad-mouse-v2\linapse-cad-mouse-v2
plugins: anyio-4.14.1
collected 126 items

service\test_browser_bridge.py ...                                       [  2%]
service\test_browser_extension.py ....                                   [  5%]
service\test_controller_cycle.py ssss                                    [  8%]
service\test_controller_mode.py ssssss                                   [ 13%]
service\test_cross_platform.py .....                                     [ 17%]
service\test_installer_adversarial.py ssss                               [ 20%]
service\test_installer_config.py ..                                      [ 22%]
service\test_installer_mock.py ss                                        [ 23%]
service\test_linapse_socket.py ssss                                      [ 26%]
service\test_linapse_socket_stress.py sssss                              [ 30%]
service\test_m1_adversarial_bugfix.py ss                                 [ 32%]
service\test_m3_adversarial.py ssss                                      [ 35%]
service\test_m3_challenger_verification.py sss                           [ 38%]
service\test_m5_adversarial.py ssss                                      [ 41%]
service\test_multi_click.py ....                                         [ 44%]
service\test_playwright_benchy.py .F.F.F.F.FF................FFFFFF..... [ 74%]
.                                                                        [ 75%]
service\test_serial_buttons.py .......                                   [ 80%]
service\test_signal_integration.py ssssssssss                            [ 88%]
service\test_signal_integration_stress.py sss                            [ 91%]
service\test_stress.py ssssss                                            [ 96%]
service\test_updater.py sssss                                            [100%]

================================== FAILURES ===================================
_______________________ test_viewport_motion_x_inverted _______________________
service\test_playwright_benchy.py:451: in test_viewport_motion_x_inverted
    page.click("#invX")
C:\hostedtoolcache\windows\Python\3.11.9\x64\Lib\site-packages\playwright\sync_api\_generated.py:10783: in click
    self._sync(
C:\hostedtoolcache\windows\Python\3.11.9\x64\Lib\site-packages\playwright\_impl\_page.py:878: in click
    return await self._main_frame._click(**locals_to_params(locals()))
           ^^^^^^^^^^^^^^^^^^^^^^^^^^^^^^^^^^^^^^^^^^^^^^^^^^^^^^^^^^^
C:\hostedtoolcache\windows\Python\3.11.9\x64\Lib\site-packages\playwright\_impl\_frame.py:569: in _click
    await self._channel.send("click", self._timeout, locals_to_params(locals()))
C:\hostedtoolcache\windows\Python\3.11.9\x64\Lib\site-packages\playwright\_impl\_connection.py:69: in send
    return await self._connection.wrap_api_call(
C:\hostedtoolcache\windows\Python\3.11.9\x64\Lib\site-packages\playwright\_impl\_connection.py:559: in wrap_api_call
    raise rewrite_error(error, f"{parsed_st['apiName']}: {error}") from None
E   playwright._impl._errors.TimeoutError: Page.click: Timeout 30000ms exceeded.
E   Call log:
E     - waiting for locator("#invX")
E       - locator resolved to <div id="invX" class="toggle" onclick="toggleInversion('x')"></div>
E     - attempting click action
E       2 × waiting for element to be visible, enabled and stable
E         - element is not visible
E       - retrying click action
E       - waiting 20ms
E       2 × waiting for element to be visible, enabled and stable
E         - element is not visible
E       - retrying click action
E         - waiting 100ms
E       58 × waiting for element to be visible, enabled and stable
E          - element is not visible
E        - retrying click action
E          - waiting 500ms
---------------------------- Captured stdout call -----------------------------
[actions] migrated and saved to C:\Users\runneradmin\AppData\Local\Temp\pytest-of-runneradmin\pytest-0\playwright_benchy0\actions.json
[config] reloaded C:\Users\runneradmin\AppData\Local\Temp\pytest-of-runneradmin\pytest-0\playwright_benchy0\actions.json
[ws] client disconnected (0 total)
[config] reloaded C:\Users\runneradmin\AppData\Local\Temp\pytest-of-runneradmin\pytest-0\playwright_benchy0\actions.json
[ws] client connected (1 total)
[updater] Service is up to date.
_______________________ test_viewport_motion_z_inverted _______________________
service\test_playwright_benchy.py:501: in test_viewport_motion_z_inverted
    page.click("#invZ")
C:\hostedtoolcache\windows\Python\3.11.9\x64\Lib\site-packages\playwright\sync_api\_generated.py:10783: in click
    self._sync(
C:\hostedtoolcache\windows\Python\3.11.9\x64\Lib\site-packages\playwright\_impl\_page.py:878: in click
    return await self._main_frame._click(**locals_to_params(locals()))
           ^^^^^^^^^^^^^^^^^^^^^^^^^^^^^^^^^^^^^^^^^^^^^^^^^^^^^^^^^^^
C:\hostedtoolcache\windows\Python\3.11.9\x64\Lib\site-packages\playwright\_impl\_frame.py:569: in _click
    await self._channel.send("click", self._timeout, locals_to_params(locals()))
C:\hostedtoolcache\windows\Python\3.11.9\x64\Lib\site-packages\playwright\_impl\_connection.py:69: in send
    return await self._connection.wrap_api_call(
C:\hostedtoolcache\windows\Python\3.11.9\x64\Lib\site-packages\playwright\_impl\_connection.py:559: in wrap_api_call
    raise rewrite_error(error, f"{parsed_st['apiName']}: {error}") from None
E   playwright._impl._errors.TimeoutError: Page.click: Timeout 30000ms exceeded.
E   Call log:
E     - waiting for locator("#invZ")
E       - locator resolved to <div id="invZ" class="toggle" onclick="toggleInversion('z')"></div>
E     - attempting click action
E       2 × waiting for element to be visible, enabled and stable
E         - element is not visible
E       - retrying click action
E       - waiting 20ms
E       2 × waiting for element to be visible, enabled and stable
E         - element is not visible
E       - retrying click action
E         - waiting 100ms
E       58 × waiting for element to be visible, enabled and stable
E          - element is not visible
E        - retrying click action
E          - waiting 500ms
---------------------------- Captured stdout call -----------------------------
[actions] migrated and saved to C:\Users\runneradmin\AppData\Local\Temp\pytest-of-runneradmin\pytest-0\playwright_benchy0\actions.json
[config] reloaded C:\Users\runneradmin\AppData\Local\Temp\pytest-of-runneradmin\pytest-0\playwright_benchy0\actions.json
[config] reloaded C:\Users\runneradmin\AppData\Local\Temp\pytest-of-runneradmin\pytest-0\playwright_benchy0\actions.json
[ws] client disconnected (0 total)
[ws] client connected (1 total)
[updater] Service is up to date.
______________________ test_viewport_motion_rx_inverted _______________________
service\test_playwright_benchy.py:551: in test_viewport_motion_rx_inverted
    page.click("#invRx")
C:\hostedtoolcache\windows\Python\3.11.9\x64\Lib\site-packages\playwright\sync_api\_generated.py:10783: in click
    self._sync(
C:\hostedtoolcache\windows\Python\3.11.9\x64\Lib\site-packages\playwright\_impl\_page.py:878: in click
    return await self._main_frame._click(**locals_to_params(locals()))
           ^^^^^^^^^^^^^^^^^^^^^^^^^^^^^^^^^^^^^^^^^^^^^^^^^^^^^^^^^^^
C:\hostedtoolcache\windows\Python\3.11.9\x64\Lib\site-packages\playwright\_impl\_frame.py:569: in _click
    await self._channel.send("click", self._timeout, locals_to_params(locals()))
C:\hostedtoolcache\windows\Python\3.11.9\x64\Lib\site-packages\playwright\_impl\_connection.py:69: in send
    return await self._connection.wrap_api_call(
C:\hostedtoolcache\windows\Python\3.11.9\x64\Lib\site-packages\playwright\_impl\_connection.py:559: in wrap_api_call
    raise rewrite_error(error, f"{parsed_st['apiName']}: {error}") from None
E   playwright._impl._errors.TimeoutError: Page.click: Timeout 30000ms exceeded.
E   Call log:
E     - waiting for locator("#invRx")
E       - locator resolved to <div id="invRx" class="toggle" onclick="toggleInversion('rx')"></div>
E     - attempting click action
E       2 × waiting for element to be visible, enabled and stable
E         - element is not visible
E       - retrying click action
E       - waiting 20ms
E       2 × waiting for element to be visible, enabled and stable
E         - element is not visible
E       - retrying click action
E         - waiting 100ms
E       58 × waiting for element to be visible, enabled and stable
E          - element is not visible
E        - retrying click action
E          - waiting 500ms
---------------------------- Captured stdout call -----------------------------
[actions] migrated and saved to C:\Users\runneradmin\AppData\Local\Temp\pytest-of-runneradmin\pytest-0\playwright_benchy0\actions.json
[config] reloaded C:\Users\runneradmin\AppData\Local\Temp\pytest-of-runneradmin\pytest-0\playwright_benchy0\actions.json
[config] reloaded C:\Users\runneradmin\AppData\Local\Temp\pytest-of-runneradmin\pytest-0\playwright_benchy0\actions.json
[ws] client disconnected (0 total)
[ws] client connected (1 total)
[updater] Service is up to date.
______________________ test_viewport_motion_ry_inverted _______________________
service\test_playwright_benchy.py:601: in test_viewport_motion_ry_inverted
    page.click("#invRy")
C:\hostedtoolcache\windows\Python\3.11.9\x64\Lib\site-packages\playwright\sync_api\_generated.py:10783: in click
    self._sync(
C:\hostedtoolcache\windows\Python\3.11.9\x64\Lib\site-packages\playwright\_impl\_page.py:878: in click
    return await self._main_frame._click(**locals_to_params(locals()))
           ^^^^^^^^^^^^^^^^^^^^^^^^^^^^^^^^^^^^^^^^^^^^^^^^^^^^^^^^^^^
C:\hostedtoolcache\windows\Python\3.11.9\x64\Lib\site-packages\playwright\_impl\_frame.py:569: in _click
    await self._channel.send("click", self._timeout, locals_to_params(locals()))
C:\hostedtoolcache\windows\Python\3.11.9\x64\Lib\site-packages\playwright\_impl\_connection.py:69: in send
    return await self._connection.wrap_api_call(
C:\hostedtoolcache\windows\Python\3.11.9\x64\Lib\site-packages\playwright\_impl\_connection.py:559: in wrap_api_call
    raise rewrite_error(error, f"{parsed_st['apiName']}: {error}") from None
E   playwright._impl._errors.TimeoutError: Page.click: Timeout 30000ms exceeded.
E   Call log:
E     - waiting for locator("#invRy")
E       - locator resolved to <div id="invRy" class="toggle" onclick="toggleInversion('ry')"></div>
E     - attempting click action
E       2 × waiting for element to be visible, enabled and stable
E         - element is not visible
E       - retrying click action
E       - waiting 20ms
E       2 × waiting for element to be visible, enabled and stable
E         - element is not visible
E       - retrying click action
E         - waiting 100ms
E       58 × waiting for element to be visible, enabled and stable
E          - element is not visible
E        - retrying click action
E          - waiting 500ms
---------------------------- Captured stdout call -----------------------------
[actions] migrated and saved to C:\Users\runneradmin\AppData\Local\Temp\pytest-of-runneradmin\pytest-0\playwright_benchy0\actions.json
[config] reloaded C:\Users\runneradmin\AppData\Local\Temp\pytest-of-runneradmin\pytest-0\playwright_benchy0\actions.json
[config] reloaded C:\Users\runneradmin\AppData\Local\Temp\pytest-of-runneradmin\pytest-0\playwright_benchy0\actions.json
[ws] client disconnected (0 total)
[ws] client connected (1 total)
[updater] Service is up to date.
______________________ test_viewport_motion_rz_inverted _______________________
service\test_playwright_benchy.py:651: in test_viewport_motion_rz_inverted
    page.click("#invRz")
C:\hostedtoolcache\windows\Python\3.11.9\x64\Lib\site-packages\playwright\sync_api\_generated.py:10783: in click
    self._sync(
C:\hostedtoolcache\windows\Python\3.11.9\x64\Lib\site-packages\playwright\_impl\_page.py:878: in click
    return await self._main_frame._click(**locals_to_params(locals()))
           ^^^^^^^^^^^^^^^^^^^^^^^^^^^^^^^^^^^^^^^^^^^^^^^^^^^^^^^^^^^
C:\hostedtoolcache\windows\Python\3.11.9\x64\Lib\site-packages\playwright\_impl\_frame.py:569: in _click
    await self._channel.send("click", self._timeout, locals_to_params(locals()))
C:\hostedtoolcache\windows\Python\3.11.9\x64\Lib\site-packages\playwright\_impl\_connection.py:69: in send
    return await self._connection.wrap_api_call(
C:\hostedtoolcache\windows\Python\3.11.9\x64\Lib\site-packages\playwright\_impl\_connection.py:559: in wrap_api_call
    raise rewrite_error(error, f"{parsed_st['apiName']}: {error}") from None
E   playwright._impl._errors.TimeoutError: Page.click: Timeout 30000ms exceeded.
E   Call log:
E     - waiting for locator("#invRz")
E       - locator resolved to <div id="invRz" class="toggle" onclick="toggleInversion('rz')"></div>
E     - attempting click action
E       2 × waiting for element to be visible, enabled and stable
E         - element is not visible
E       - retrying click action
E       - waiting 20ms
E       2 × waiting for element to be visible, enabled and stable
E         - element is not visible
E       - retrying click action
E         - waiting 100ms
E       58 × waiting for element to be visible, enabled and stable
E          - element is not visible
E        - retrying click action
E          - waiting 500ms
---------------------------- Captured stdout call -----------------------------
[actions] migrated and saved to C:\Users\runneradmin\AppData\Local\Temp\pytest-of-runneradmin\pytest-0\playwright_benchy0\actions.json
[config] reloaded C:\Users\runneradmin\AppData\Local\Temp\pytest-of-runneradmin\pytest-0\playwright_benchy0\actions.json
[config] reloaded C:\Users\runneradmin\AppData\Local\Temp\pytest-of-runneradmin\pytest-0\playwright_benchy0\actions.json
[ws] client disconnected (0 total)
[ws] client connected (1 total)
[updater] Service is up to date.
______________________ test_viewport_motion_y_inversion _______________________
service\test_playwright_benchy.py:678: in test_viewport_motion_y_inversion
    page.click("#invY")
C:\hostedtoolcache\windows\Python\3.11.9\x64\Lib\site-packages\playwright\sync_api\_generated.py:10783: in click
    self._sync(
C:\hostedtoolcache\windows\Python\3.11.9\x64\Lib\site-packages\playwright\_impl\_page.py:878: in click
    return await self._main_frame._click(**locals_to_params(locals()))
           ^^^^^^^^^^^^^^^^^^^^^^^^^^^^^^^^^^^^^^^^^^^^^^^^^^^^^^^^^^^
C:\hostedtoolcache\windows\Python\3.11.9\x64\Lib\site-packages\playwright\_impl\_frame.py:569: in _click
    await self._channel.send("click", self._timeout, locals_to_params(locals()))
C:\hostedtoolcache\windows\Python\3.11.9\x64\Lib\site-packages\playwright\_impl\_connection.py:69: in send
    return await self._connection.wrap_api_call(
C:\hostedtoolcache\windows\Python\3.11.9\x64\Lib\site-packages\playwright\_impl\_connection.py:559: in wrap_api_call
    raise rewrite_error(error, f"{parsed_st['apiName']}: {error}") from None
E   playwright._impl._errors.TimeoutError: Page.click: Timeout 30000ms exceeded.
E   Call log:
E     - waiting for locator("#invY")
E       - locator resolved to <div id="invY" class="toggle" onclick="toggleInversion('y')"></div>
E     - attempting click action
E       2 × waiting for element to be visible, enabled and stable
E         - element is not visible
E       - retrying click action
E       - waiting 20ms
E       2 × waiting for element to be visible, enabled and stable
E         - element is not visible
E       - retrying click action
E         - waiting 100ms
E       58 × waiting for element to be visible, enabled and stable
E          - element is not visible
E        - retrying click action
E          - waiting 500ms
---------------------------- Captured stdout call -----------------------------
[actions] migrated and saved to C:\Users\runneradmin\AppData\Local\Temp\pytest-of-runneradmin\pytest-0\playwright_benchy0\actions.json
[config] reloaded C:\Users\runneradmin\AppData\Local\Temp\pytest-of-runneradmin\pytest-0\playwright_benchy0\actions.json
[ws] client disconnected (0 total)
[config] reloaded C:\Users\runneradmin\AppData\Local\Temp\pytest-of-runneradmin\pytest-0\playwright_benchy0\actions.json
[ws] client connected (1 total)
[updater] Service is up to date.
______________________________ test_inversion_x _______________________________
service\test_playwright_benchy.py:893: in test_inversion_x
    verify_inversion_scaling(benchy_env, "x", "#invX", ">MOTION:-20.0,0,0,0,0,0\n", 0, -20.0)
service\test_playwright_benchy.py:875: in verify_inversion_scaling
    page.click(selector)
C:\hostedtoolcache\windows\Python\3.11.9\x64\Lib\site-packages\playwright\sync_api\_generated.py:10783: in click
    self._sync(
C:\hostedtoolcache\windows\Python\3.11.9\x64\Lib\site-packages\playwright\_impl\_page.py:878: in click
    return await self._main_frame._click(**locals_to_params(locals()))
           ^^^^^^^^^^^^^^^^^^^^^^^^^^^^^^^^^^^^^^^^^^^^^^^^^^^^^^^^^^^
C:\hostedtoolcache\windows\Python\3.11.9\x64\Lib\site-packages\playwright\_impl\_frame.py:569: in _click
    await self._channel.send("click", self._timeout, locals_to_params(locals()))
C:\hostedtoolcache\windows\Python\3.11.9\x64\Lib\site-packages\playwright\_impl\_connection.py:69: in send
    return await self._connection.wrap_api_call(
C:\hostedtoolcache\windows\Python\3.11.9\x64\Lib\site-packages\playwright\_impl\_connection.py:559: in wrap_api_call
    raise rewrite_error(error, f"{parsed_st['apiName']}: {error}") from None
E   playwright._impl._errors.TimeoutError: Page.click: Timeout 30000ms exceeded.
E   Call log:
E     - waiting for locator("#invX")
E       - locator resolved to <div id="invX" class="toggle" onclick="toggleInversion('x')"></div>
E     - attempting click action
E       2 × waiting for element to be visible, enabled and stable
E         - element is not visible
E       - retrying click action
E       - waiting 20ms
E       2 × waiting for element to be visible, enabled and stable
E         - element is not visible
E       - retrying click action
E         - waiting 100ms
E       58 × waiting for element to be visible, enabled and stable
E          - element is not visible
E        - retrying click action
E          - waiting 500ms
---------------------------- Captured stdout call -----------------------------
[actions] migrated and saved to C:\Users\runneradmin\AppData\Local\Temp\pytest-of-runneradmin\pytest-0\playwright_benchy0\actions.json
[config] reloaded C:\Users\runneradmin\AppData\Local\Temp\pytest-of-runneradmin\pytest-0\playwright_benchy0\actions.json
[config] reloaded C:\Users\runneradmin\AppData\Local\Temp\pytest-of-runneradmin\pytest-0\playwright_benchy0\actions.json
[ws] client disconnected (0 total)
[ws] client connected (1 total)
[updater] Service is up to date.
______________________________ test_inversion_y _______________________________
service\test_playwright_benchy.py:897: in test_inversion_y
    verify_inversion_scaling(benchy_env, "y", "#invY", ">MOTION:0,20.0,0,0,0,0\n", 1, 20.0)
service\test_playwright_benchy.py:875: in verify_inversion_scaling
    page.click(selector)
C:\hostedtoolcache\windows\Python\3.11.9\x64\Lib\site-packages\playwright\sync_api\_generated.py:10783: in click
    self._sync(
C:\hostedtoolcache\windows\Python\3.11.9\x64\Lib\site-packages\playwright\_impl\_page.py:878: in click
    return await self._main_frame._click(**locals_to_params(locals()))
           ^^^^^^^^^^^^^^^^^^^^^^^^^^^^^^^^^^^^^^^^^^^^^^^^^^^^^^^^^^^
C:\hostedtoolcache\windows\Python\3.11.9\x64\Lib\site-packages\playwright\_impl\_frame.py:569: in _click
    await self._channel.send("click", self._timeout, locals_to_params(locals()))
C:\hostedtoolcache\windows\Python\3.11.9\x64\Lib\site-packages\playwright\_impl\_connection.py:69: in send
    return await self._connection.wrap_api_call(
C:\hostedtoolcache\windows\Python\3.11.9\x64\Lib\site-packages\playwright\_impl\_connection.py:559: in wrap_api_call
    raise rewrite_error(error, f"{parsed_st['apiName']}: {error}") from None
E   playwright._impl._errors.TimeoutError: Page.click: Timeout 30000ms exceeded.
E   Call log:
E     - waiting for locator("#invY")
E       - locator resolved to <div id="invY" class="toggle" onclick="toggleInversion('y')"></div>
E     - attempting click action
E       2 × waiting for element to be visible, enabled and stable
E         - element is not visible
E       - retrying click action
E       - waiting 20ms
E       2 × waiting for element to be visible, enabled and stable
E         - element is not visible
E       - retrying click action
E         - waiting 100ms
E       58 × waiting for element to be visible, enabled and stable
E          - element is not visible
E        - retrying click action
E          - waiting 500ms
---------------------------- Captured stdout call -----------------------------
[actions] migrated and saved to C:\Users\runneradmin\AppData\Local\Temp\pytest-of-runneradmin\pytest-0\playwright_benchy0\actions.json
[config] reloaded C:\Users\runneradmin\AppData\Local\Temp\pytest-of-runneradmin\pytest-0\playwright_benchy0\actions.json
[config] reloaded C:\Users\runneradmin\AppData\Local\Temp\pytest-of-runneradmin\pytest-0\playwright_benchy0\actions.json
[ws] client disconnected (0 total)
[ws] client connected (1 total)
[updater] Service is up to date.
______________________________ test_inversion_z _______________________________
service\test_playwright_benchy.py:901: in test_inversion_z
    verify_inversion_scaling(benchy_env, "z", "#invZ", ">MOTION:0,0,-20.0,0,0,0\n", 2, -20.0)
service\test_playwright_benchy.py:875: in verify_inversion_scaling
    page.click(selector)
C:\hostedtoolcache\windows\Python\3.11.9\x64\Lib\site-packages\playwright\sync_api\_generated.py:10783: in click
    self._sync(
C:\hostedtoolcache\windows\Python\3.11.9\x64\Lib\site-packages\playwright\_impl\_page.py:878: in click
    return await self._main_frame._click(**locals_to_params(locals()))
           ^^^^^^^^^^^^^^^^^^^^^^^^^^^^^^^^^^^^^^^^^^^^^^^^^^^^^^^^^^^
C:\hostedtoolcache\windows\Python\3.11.9\x64\Lib\site-packages\playwright\_impl\_frame.py:569: in _click
    await self._channel.send("click", self._timeout, locals_to_params(locals()))
C:\hostedtoolcache\windows\Python\3.11.9\x64\Lib\site-packages\playwright\_impl\_connection.py:69: in send
    return await self._connection.wrap_api_call(
C:\hostedtoolcache\windows\Python\3.11.9\x64\Lib\site-packages\playwright\_impl\_connection.py:559: in wrap_api_call
    raise rewrite_error(error, f"{parsed_st['apiName']}: {error}") from None
E   playwright._impl._errors.TimeoutError: Page.click: Timeout 30000ms exceeded.
E   Call log:
E     - waiting for locator("#invZ")
E       - locator resolved to <div id="invZ" class="toggle" onclick="toggleInversion('z')"></div>
E     - attempting click action
E       2 × waiting for element to be visible, enabled and stable
E         - element is not visible
E       - retrying click action
E       - waiting 20ms
E       2 × waiting for element to be visible, enabled and stable
E         - element is not visible
E       - retrying click action
E         - waiting 100ms
E       58 × waiting for element to be visible, enabled and stable
E          - element is not visible
E        - retrying click action
E          - waiting 500ms
---------------------------- Captured stdout call -----------------------------
[actions] migrated and saved to C:\Users\runneradmin\AppData\Local\Temp\pytest-of-runneradmin\pytest-0\playwright_benchy0\actions.json
[config] reloaded C:\Users\runneradmin\AppData\Local\Temp\pytest-of-runneradmin\pytest-0\playwright_benchy0\actions.json
[config] reloaded C:\Users\runneradmin\AppData\Local\Temp\pytest-of-runneradmin\pytest-0\playwright_benchy0\actions.json
[ws] client disconnected (0 total)
[ws] client connected (1 total)
[updater] Service is up to date.
______________________________ test_inversion_rx ______________________________
service\test_playwright_benchy.py:905: in test_inversion_rx
    verify_inversion_scaling(benchy_env, "rx", "#invRx", ">MOTION:0,0,0,20.0,0,0\n", 3, 20.0)
service\test_playwright_benchy.py:875: in verify_inversion_scaling
    page.click(selector)
C:\hostedtoolcache\windows\Python\3.11.9\x64\Lib\site-packages\playwright\sync_api\_generated.py:10783: in click
    self._sync(
C:\hostedtoolcache\windows\Python\3.11.9\x64\Lib\site-packages\playwright\_impl\_page.py:878: in click
    return await self._main_frame._click(**locals_to_params(locals()))
           ^^^^^^^^^^^^^^^^^^^^^^^^^^^^^^^^^^^^^^^^^^^^^^^^^^^^^^^^^^^
C:\hostedtoolcache\windows\Python\3.11.9\x64\Lib\site-packages\playwright\_impl\_frame.py:569: in _click
    await self._channel.send("click", self._timeout, locals_to_params(locals()))
C:\hostedtoolcache\windows\Python\3.11.9\x64\Lib\site-packages\playwright\_impl\_connection.py:69: in send
    return await self._connection.wrap_api_call(
C:\hostedtoolcache\windows\Python\3.11.9\x64\Lib\site-packages\playwright\_impl\_connection.py:559: in wrap_api_call
    raise rewrite_error(error, f"{parsed_st['apiName']}: {error}") from None
E   playwright._impl._errors.TimeoutError: Page.click: Timeout 30000ms exceeded.
E   Call log:
E     - waiting for locator("#invRx")
E       - locator resolved to <div id="invRx" class="toggle" onclick="toggleInversion('rx')"></div>
E     - attempting click action
E       2 × waiting for element to be visible, enabled and stable
E         - element is not visible
E       - retrying click action
E       - waiting 20ms
E       2 × waiting for element to be visible, enabled and stable
E         - element is not visible
E       - retrying click action
E         - waiting 100ms
E       58 × waiting for element to be visible, enabled and stable
E          - element is not visible
E        - retrying click action
E          - waiting 500ms
---------------------------- Captured stdout call -----------------------------
[actions] migrated and saved to C:\Users\runneradmin\AppData\Local\Temp\pytest-of-runneradmin\pytest-0\playwright_benchy0\actions.json
[config] reloaded C:\Users\runneradmin\AppData\Local\Temp\pytest-of-runneradmin\pytest-0\playwright_benchy0\actions.json
[ws] client disconnected (0 total)
[config] reloaded C:\Users\runneradmin\AppData\Local\Temp\pytest-of-runneradmin\pytest-0\playwright_benchy0\actions.json
[ws] client connected (1 total)
[updater] Service is up to date.
______________________________ test_inversion_ry ______________________________
service\test_playwright_benchy.py:909: in test_inversion_ry
    verify_inversion_scaling(benchy_env, "ry", "#invRy", ">MOTION:0,0,0,0,20.0,0\n", 4, 20.0)
service\test_playwright_benchy.py:875: in verify_inversion_scaling
    page.click(selector)
C:\hostedtoolcache\windows\Python\3.11.9\x64\Lib\site-packages\playwright\sync_api\_generated.py:10783: in click
    self._sync(
C:\hostedtoolcache\windows\Python\3.11.9\x64\Lib\site-packages\playwright\_impl\_page.py:878: in click
    return await self._main_frame._click(**locals_to_params(locals()))
           ^^^^^^^^^^^^^^^^^^^^^^^^^^^^^^^^^^^^^^^^^^^^^^^^^^^^^^^^^^^
C:\hostedtoolcache\windows\Python\3.11.9\x64\Lib\site-packages\playwright\_impl\_frame.py:569: in _click
    await self._channel.send("click", self._timeout, locals_to_params(locals()))
C:\hostedtoolcache\windows\Python\3.11.9\x64\Lib\site-packages\playwright\_impl\_connection.py:69: in send
    return await self._connection.wrap_api_call(
C:\hostedtoolcache\windows\Python\3.11.9\x64\Lib\site-packages\playwright\_impl\_connection.py:559: in wrap_api_call
    raise rewrite_error(error, f"{parsed_st['apiName']}: {error}") from None
E   playwright._impl._errors.TimeoutError: Page.click: Timeout 30000ms exceeded.
E   Call log:
E     - waiting for locator("#invRy")
E       - locator resolved to <div id="invRy" class="toggle" onclick="toggleInversion('ry')"></div>
E     - attempting click action
E       2 × waiting for element to be visible, enabled and stable
E         - element is not visible
E       - retrying click action
E       - waiting 20ms
E       2 × waiting for element to be visible, enabled and stable
E         - element is not visible
E       - retrying click action
E         - waiting 100ms
E       58 × waiting for element to be visible, enabled and stable
E          - element is not visible
E        - retrying click action
E          - waiting 500ms
---------------------------- Captured stdout call -----------------------------
[actions] migrated and saved to C:\Users\runneradmin\AppData\Local\Temp\pytest-of-runneradmin\pytest-0\playwright_benchy0\actions.json
[config] reloaded C:\Users\runneradmin\AppData\Local\Temp\pytest-of-runneradmin\pytest-0\playwright_benchy0\actions.json
[config] reloaded C:\Users\runneradmin\AppData\Local\Temp\pytest-of-runneradmin\pytest-0\playwright_benchy0\actions.json
[ws] client disconnected (0 total)
[ws] client connected (1 total)
[updater] Service is up to date.
______________________________ test_inversion_rz ______________________________
service\test_playwright_benchy.py:913: in test_inversion_rz
    verify_inversion_scaling(benchy_env, "rz", "#invRz", ">MOTION:0,0,0,0,0,20.0\n", 5, 20.0)
service\test_playwright_benchy.py:875: in verify_inversion_scaling
    page.click(selector)
C:\hostedtoolcache\windows\Python\3.11.9\x64\Lib\site-packages\playwright\sync_api\_generated.py:10783: in click
    self._sync(
C:\hostedtoolcache\windows\Python\3.11.9\x64\Lib\site-packages\playwright\_impl\_page.py:878: in click
    return await self._main_frame._click(**locals_to_params(locals()))
           ^^^^^^^^^^^^^^^^^^^^^^^^^^^^^^^^^^^^^^^^^^^^^^^^^^^^^^^^^^^
C:\hostedtoolcache\windows\Python\3.11.9\x64\Lib\site-packages\playwright\_impl\_frame.py:569: in _click
    await self._channel.send("click", self._timeout, locals_to_params(locals()))
C:\hostedtoolcache\windows\Python\3.11.9\x64\Lib\site-packages\playwright\_impl\_connection.py:69: in send
    return await self._connection.wrap_api_call(
C:\hostedtoolcache\windows\Python\3.11.9\x64\Lib\site-packages\playwright\_impl\_connection.py:559: in wrap_api_call
    raise rewrite_error(error, f"{parsed_st['apiName']}: {error}") from None
E   playwright._impl._errors.TimeoutError: Page.click: Timeout 30000ms exceeded.
E   Call log:
E     - waiting for locator("#invRz")
E       - locator resolved to <div id="invRz" class="toggle" onclick="toggleInversion('rz')"></div>
E     - attempting click action
E       2 × waiting for element to be visible, enabled and stable
E         - element is not visible
E       - retrying click action
E       - waiting 20ms
E       2 × waiting for element to be visible, enabled and stable
E         - element is not visible
E       - retrying click action
E         - waiting 100ms
E       58 × waiting for element to be visible, enabled and stable
E          - element is not visible
E        - retrying click action
E          - waiting 500ms
---------------------------- Captured stdout call -----------------------------
[actions] migrated and saved to C:\Users\runneradmin\AppData\Local\Temp\pytest-of-runneradmin\pytest-0\playwright_benchy0\actions.json
[config] reloaded C:\Users\runneradmin\AppData\Local\Temp\pytest-of-runneradmin\pytest-0\playwright_benchy0\actions.json
[ws] client disconnected (0 total)
[config] reloaded C:\Users\runneradmin\AppData\Local\Temp\pytest-of-runneradmin\pytest-0\playwright_benchy0\actions.json
[ws] client connected (1 total)
[updater] Service is up to date.
- generated xml file: D:\a\linapse-cad-mouse-v2\linapse-cad-mouse-v2\pytest_windows_results.xml -
=========================== short test summary info ===========================
FAILED service/test_playwright_benchy.py::test_viewport_motion_x_inverted - playwright._impl._errors.TimeoutError: Page.click: Timeout 30000ms exceeded.
Call log:
  - waiting for locator("#invX")
    - locator resolved to <div id="invX" class="toggle" onclick="toggleInversion('x')"></div>
  - attempting click action
    2 × waiting for element to be visible, enabled and stable
      - element is not visible
    - retrying click action
    - waiting 20ms
    2 × waiting for element to be visible, enabled and stable
      - element is not visible
    - retrying click action
      - waiting 100ms
    58 × waiting for element to be visible, enabled and stable
       - element is not visible
     - retrying click action
       - waiting 500ms
FAILED service/test_playwright_benchy.py::test_viewport_motion_z_inverted - playwright._impl._errors.TimeoutError: Page.click: Timeout 30000ms exceeded.
Call log:
  - waiting for locator("#invZ")
    - locator resolved to <div id="invZ" class="toggle" onclick="toggleInversion('z')"></div>
  - attempting click action
    2 × waiting for element to be visible, enabled and stable
      - element is not visible
    - retrying click action
    - waiting 20ms
    2 × waiting for element to be visible, enabled and stable
      - element is not visible
    - retrying click action
      - waiting 100ms
    58 × waiting for element to be visible, enabled and stable
       - element is not visible
     - retrying click action
       - waiting 500ms
FAILED service/test_playwright_benchy.py::test_viewport_motion_rx_inverted - playwright._impl._errors.TimeoutError: Page.click: Timeout 30000ms exceeded.
Call log:
  - waiting for locator("#invRx")
    - locator resolved to <div id="invRx" class="toggle" onclick="toggleInversion('rx')"></div>
  - attempting click action
    2 × waiting for element to be visible, enabled and stable
      - element is not visible
    - retrying click action
    - waiting 20ms
    2 × waiting for element to be visible, enabled and stable
      - element is not visible
    - retrying click action
      - waiting 100ms
    58 × waiting for element to be visible, enabled and stable
       - element is not visible
     - retrying click action
       - waiting 500ms
FAILED service/test_playwright_benchy.py::test_viewport_motion_ry_inverted - playwright._impl._errors.TimeoutError: Page.click: Timeout 30000ms exceeded.
Call log:
  - waiting for locator("#invRy")
    - locator resolved to <div id="invRy" class="toggle" onclick="toggleInversion('ry')"></div>
  - attempting click action
    2 × waiting for element to be visible, enabled and stable
      - element is not visible
    - retrying click action
    - waiting 20ms
    2 × waiting for element to be visible, enabled and stable
      - element is not visible
    - retrying click action
      - waiting 100ms
    58 × waiting for element to be visible, enabled and stable
       - element is not visible
     - retrying click action
       - waiting 500ms
FAILED service/test_playwright_benchy.py::test_viewport_motion_rz_inverted - playwright._impl._errors.TimeoutError: Page.click: Timeout 30000ms exceeded.
Call log:
  - waiting for locator("#invRz")
    - locator resolved to <div id="invRz" class="toggle" onclick="toggleInversion('rz')"></div>
  - attempting click action
    2 × waiting for element to be visible, enabled and stable
      - element is not visible
    - retrying click action
    - waiting 20ms
    2 × waiting for element to be visible, enabled and stable
      - element is not visible
    - retrying click action
      - waiting 100ms
    58 × waiting for element to be visible, enabled and stable
       - element is not visible
     - retrying click action
       - waiting 500ms
FAILED service/test_playwright_benchy.py::test_viewport_motion_y_inversion - playwright._impl._errors.TimeoutError: Page.click: Timeout 30000ms exceeded.
Call log:
  - waiting for locator("#invY")
    - locator resolved to <div id="invY" class="toggle" onclick="toggleInversion('y')"></div>
  - attempting click action
    2 × waiting for element to be visible, enabled and stable
      - element is not visible
    - retrying click action
    - waiting 20ms
    2 × waiting for element to be visible, enabled and stable
      - element is not visible
    - retrying click action
      - waiting 100ms
    58 × waiting for element to be visible, enabled and stable
       - element is not visible
     - retrying click action
       - waiting 500ms
FAILED service/test_playwright_benchy.py::test_inversion_x - playwright._impl._errors.TimeoutError: Page.click: Timeout 30000ms exceeded.
Call log:
  - waiting for locator("#invX")
    - locator resolved to <div id="invX" class="toggle" onclick="toggleInversion('x')"></div>
  - attempting click action
    2 × waiting for element to be visible, enabled and stable
      - element is not visible
    - retrying click action
    - waiting 20ms
    2 × waiting for element to be visible, enabled and stable
      - element is not visible
    - retrying click action
      - waiting 100ms
    58 × waiting for element to be visible, enabled and stable
       - element is not visible
     - retrying click action
       - waiting 500ms
FAILED service/test_playwright_benchy.py::test_inversion_y - playwright._impl._errors.TimeoutError: Page.click: Timeout 30000ms exceeded.
Call log:
  - waiting for locator("#invY")
    - locator resolved to <div id="invY" class="toggle" onclick="toggleInversion('y')"></div>
  - attempting click action
    2 × waiting for element to be visible, enabled and stable
      - element is not visible
    - retrying click action
    - waiting 20ms
    2 × waiting for element to be visible, enabled and stable
      - element is not visible
    - retrying click action
      - waiting 100ms
    58 × waiting for element to be visible, enabled and stable
       - element is not visible
     - retrying click action
       - waiting 500ms
FAILED service/test_playwright_benchy.py::test_inversion_z - playwright._impl._errors.TimeoutError: Page.click: Timeout 30000ms exceeded.
Call log:
  - waiting for locator("#invZ")
    - locator resolved to <div id="invZ" class="toggle" onclick="toggleInversion('z')"></div>
  - attempting click action
    2 × waiting for element to be visible, enabled and stable
      - element is not visible
    - retrying click action
    - waiting 20ms
    2 × waiting for element to be visible, enabled and stable
      - element is not visible
    - retrying click action
      - waiting 100ms
    58 × waiting for element to be visible, enabled and stable
       - element is not visible
     - retrying click action
       - waiting 500ms
FAILED service/test_playwright_benchy.py::test_inversion_rx - playwright._impl._errors.TimeoutError: Page.click: Timeout 30000ms exceeded.
Call log:
  - waiting for locator("#invRx")
    - locator resolved to <div id="invRx" class="toggle" onclick="toggleInversion('rx')"></div>
  - attempting click action
    2 × waiting for element to be visible, enabled and stable
      - element is not visible
    - retrying click action
    - waiting 20ms
    2 × waiting for element to be visible, enabled and stable
      - element is not visible
    - retrying click action
      - waiting 100ms
    58 × waiting for element to be visible, enabled and stable
       - element is not visible
     - retrying click action
       - waiting 500ms
FAILED service/test_playwright_benchy.py::test_inversion_ry - playwright._impl._errors.TimeoutError: Page.click: Timeout 30000ms exceeded.
Call log:
  - waiting for locator("#invRy")
    - locator resolved to <div id="invRy" class="toggle" onclick="toggleInversion('ry')"></div>
  - attempting click action
    2 × waiting for element to be visible, enabled and stable
      - element is not visible
    - retrying click action
    - waiting 20ms
    2 × waiting for element to be visible, enabled and stable
      - element is not visible
    - retrying click action
      - waiting 100ms
    58 × waiting for element to be visible, enabled and stable
       - element is not visible
     - retrying click action
       - waiting 500ms
FAILED service/test_playwright_benchy.py::test_inversion_rz - playwright._impl._errors.TimeoutError: Page.click: Timeout 30000ms exceeded.
Call log:
  - waiting for locator("#invRz")
    - locator resolved to <div id="invRz" class="toggle" onclick="toggleInversion('rz')"></div>
  - attempting click action
    2 × waiting for element to be visible, enabled and stable
      - element is not visible
    - retrying click action
    - waiting 20ms
    2 × waiting for element to be visible, enabled and stable
      - element is not visible
    - retrying click action
      - waiting 100ms
    58 × waiting for element to be visible, enabled and stable
       - element is not visible
     - retrying click action
       - waiting 500ms
============ 12 failed, 52 passed, 62 skipped in 658.95s (0:10:58) ============
