============================= test session starts =============================
platform win32 -- Python 3.11.9, pytest-9.1.1, pluggy-1.6.0
rootdir: D:\a\linapse-cad-mouse-v2\linapse-cad-mouse-v2
collected 58 items

service\test_cross_platform.py .....                                     [  8%]
service\test_installer_adversarial.py ssss                               [ 15%]
service\test_installer_config.py ..                                      [ 18%]
service\test_installer_mock.py ss                                        [ 22%]
service\test_linapse_socket.py ssss                                      [ 29%]
service\test_linapse_socket_stress.py sssss                              [ 37%]
service\test_m1_adversarial_bugfix.py ss                                 [ 41%]
service\test_m3_adversarial.py ssss                                      [ 48%]
service\test_m3_challenger_verification.py sss                           [ 53%]
service\test_m5_adversarial.py ssss                                      [ 60%]
service\test_multi_click.py FFF                                          [ 65%]
service\test_playwright_benchy.py ..                                     [ 68%]
service\test_signal_integration.py ssssssss                              [ 82%]
service\test_signal_integration_stress.py sss                            [ 87%]
service\test_stress.py ssssss                                            [ 98%]
service\test_userscript_headers.py .                                     [100%]

================================== FAILURES ===================================
_________________________ test_multi_click_detection __________________________
service\test_multi_click.py:73: in test_multi_click_detection
    assert len(ydotool_calls) == 1
E   assert 0 == 1
E    +  where 0 = len([])
---------------------------- Captured stdout call -----------------------------
[dispatch] action: key obj: {'action': 'key', 'value': 'ctrl+c'}
[pynput] error emulating key combo 'ctrl+c': ctrl_key
_________________________ test_legacy_button_fallback _________________________
service\test_multi_click.py:111: in test_legacy_button_fallback
    assert len(ydotool_calls) == 1
E   assert 0 == 1
E    +  where 0 = len([])
---------------------------- Captured stdout call -----------------------------
[dispatch] action: key obj: {'action': 'key', 'value': 'ctrl+z'}
[pynput] error emulating key combo 'ctrl+z': ctrl_key
_________________________ test_media_action_dispatch __________________________
service\test_multi_click.py:140: in test_media_action_dispatch
    assert len(ydotool_calls) == 1
E   assert 0 == 1
E    +  where 0 = len([])
---------------------------- Captured stdout call -----------------------------
[dispatch] action: media obj: {'action': 'media', 'command': 'play'}
[dispatch] action: key obj: {'action': 'key', 'value': 'play'}
[pynput] warning: unknown key name 'play' in combo 'play'
- generated xml file: D:\a\linapse-cad-mouse-v2\linapse-cad-mouse-v2\pytest_windows_results.xml -
=========================== short test summary info ===========================
FAILED service/test_multi_click.py::test_multi_click_detection - assert 0 == 1
 +  where 0 = len([])
FAILED service/test_multi_click.py::test_legacy_button_fallback - assert 0 == 1
 +  where 0 = len([])
FAILED service/test_multi_click.py::test_media_action_dispatch - assert 0 == 1
 +  where 0 = len([])
============= 3 failed, 10 passed, 45 skipped in 68.77s (0:01:08) =============
